TN:
SF:src\commands\deploy.js
FN:11,handleDeploy
FN:61,(anonymous_1)
FN:76,(anonymous_2)
FN:82,(anonymous_3)
FN:87,(anonymous_4)
FN:93,runDeploymentFlow
FN:115,(anonymous_6)
FN:129,(anonymous_7)
FN:155,delay
FN:156,(anonymous_9)
FN:162,(anonymous_10)
FN:163,(anonymous_11)
FN:165,(anonymous_12)
FN:166,(anonymous_13)
FN:170,(anonymous_14)
FNF:15
FNH:13
FNDA:2,handleDeploy
FNDA:1,(anonymous_1)
FNDA:0,(anonymous_2)
FNDA:1,(anonymous_3)
FNDA:0,(anonymous_4)
FNDA:1,runDeploymentFlow
FNDA:1,(anonymous_6)
FNDA:8,(anonymous_7)
FNDA:4,delay
FNDA:4,(anonymous_9)
FNDA:1,(anonymous_10)
FNDA:1,(anonymous_11)
FNDA:1,(anonymous_12)
FNDA:1,(anonymous_13)
FNDA:2,(anonymous_14)
DA:12,2
DA:13,2
DA:14,2
DA:15,2
DA:16,2
DA:18,2
DA:19,2
DA:20,1
DA:21,1
DA:24,1
DA:25,1
DA:26,0
DA:28,1
DA:29,0
DA:32,1
DA:33,0
DA:34,0
DA:35,0
DA:39,0
DA:40,0
DA:46,1
DA:49,1
DA:50,1
DA:51,1
DA:53,0
DA:56,1
DA:57,1
DA:58,1
DA:59,0
DA:61,1
DA:75,1
DA:76,1
DA:77,1
DA:78,1
DA:79,1
DA:80,1
DA:81,1
DA:82,1
DA:84,1
DA:86,0
DA:87,0
DA:89,0
DA:95,1
DA:96,1
DA:97,1
DA:98,1
DA:99,1
DA:102,0
DA:106,1
DA:112,1
DA:113,1
DA:114,1
DA:115,1
DA:122,1
DA:123,1
DA:129,1
DA:130,8
DA:131,8
DA:135,1
DA:136,1
DA:137,1
DA:138,1
DA:139,1
DA:140,1
DA:141,1
DA:142,1
DA:143,1
DA:146,1
DA:147,1
DA:148,1
DA:151,1
DA:152,1
DA:156,4
DA:159,1
DA:162,1
DA:163,1
DA:165,1
DA:166,1
DA:171,2
LF:79
LH:66
BRDA:14,0,0,2
BRDA:14,0,1,0
BRDA:15,1,0,2
BRDA:15,1,1,2
BRDA:19,2,0,1
BRDA:19,2,1,1
BRDA:25,3,0,0
BRDA:25,3,1,1
BRDA:28,4,0,0
BRDA:28,4,1,1
BRDA:32,5,0,0
BRDA:32,5,1,1
BRDA:33,6,0,0
BRDA:33,6,1,0
BRDA:46,7,0,1
BRDA:46,7,1,1
BRDA:56,8,0,1
BRDA:56,8,1,0
BRDA:58,9,0,0
BRDA:58,9,1,1
BRDA:81,10,0,1
BRDA:81,10,1,0
BRDA:86,11,0,0
BRDA:86,11,1,0
BRDA:98,12,0,1
BRDA:98,12,1,0
BRDA:114,13,0,1
BRDA:114,13,1,0
BRDA:114,14,0,1
BRDA:114,14,1,1
BRDA:130,15,0,8
BRDA:130,15,1,0
BRF:32
BRH:18
end_of_record
